<?xml version="1.0" encoding="UTF-8"?>
<!-- Generated by org.testng.reporters.JUnitReportReporter -->
<testsuite hostname="QT-INNO-LT1449" failures="0" tests="2" name="com.qt.qualithon.test.MovieSearchTest" time="53.378" errors="0" timestamp="2022-03-24T09:57:19 IST" skipped="0">
  <testcase classname="com.qt.qualithon.test.MovieSearchTest" name="testMovieMetadataOnWebHasCorrectMaturityRating" time="27.001"/>
  <system-out/>
  <testcase classname="com.qt.qualithon.test.MovieSearchTest" name="testMovieMetadataOnWebHasCorrectMaturityRating" time="26.377"/>
  <system-out/>
</testsuite> <!-- com.qt.qualithon.test.MovieSearchTest -->
